Name                                               Stmts   Miss  Cover   Missing
--------------------------------------------------------------------------------
api\models.py                                         57      0   100%
api\service.py                                       770    463    40%   20, 25-27, 55, 81-339, 384-385, 390-391, 404-430, 435, 440, 445-451, 473-476, 480, 491-495, 500-502, 511-523, 535, 539, 541-542, 552-565, 571-582, 589-615, 619-621, 640-654, 663-665, 680-681, 686-694, 705-706, 713-714, 736-739, 765-766, 775-776, 784-786, 794-798, 810-811, 831-832, 849-850, 853-854, 863, 872-874, 877-891, 896-897, 906-908, 921-922, 925-932, 939, 942, 944-945, 958-959, 962-975, 978-979, 983-985, 990-997, 1002-1009, 1014-1026, 1032-1035, 1046-1059, 1071-1074, 1076, 1078, 1084, 1091-1092
aurora\governance.py                                  59      3    95%   48, 50, 52
aurora\health.py                                      72     49    32%   37-44, 47, 50-63, 67-81, 84-85, 88-95, 99-102, 105-107, 110, 113, 116
aurora_api_lite.py                                    39      6    85%   29, 115-122, 138-139
common\__init__.py                                     0      0   100%
common\config.py                                     172    116    33%   80-100, 105-115, 119-121, 125-159, 175-202, 206-215, 223-281
common\events.py                                      22      3    86%   25-27, 39
core\__init__.py                                       1      0   100%
core\ack_tracker.py                                   49      9    82%   33, 35, 38-39, 44, 53, 56, 68-70
core\aurora\pipeline.py                              291    193    34%   79, 81, 84-85, 87-97, 101-126, 137-261, 279-281, 295-297, 299, 302, 310-322, 330-377, 384-385, 389-390, 397-403, 424, 427-458
core\aurora\pretrade.py                               59     35    41%   10-11, 38, 50-51, 60-67, 86-98, 114-123, 147-159
core\aurora_event_logger.py                           76      9    88%   126, 130, 149-150, 173, 182-186
core\calibration\calibrator.py                       330    245    26%   32-43, 48-53, 61-62, 70-75, 79-87, 91-109, 170-220, 223, 227, 239-269, 272, 287-328, 331-357, 361, 376-381, 384-389, 392-399, 403, 406, 414, 426-437, 441-446, 450-459, 463-473, 478-484, 488-492
core\calibration\icp.py                              220    182    17%   37-43, 48-50, 62-65, 69-94, 97-103, 115-124, 127-136, 139-141, 144-150, 164-202, 205-215, 233-243, 246-250, 254-262, 270-279, 283-300, 304-319, 323-329, 333-336
core\config\__init__.py                                3      0   100%
core\config\hotreload.py                              73     46    37%   36-43, 48-55, 65, 71-74, 77-81, 84-87, 105-110, 114, 117-121, 124-128
core\config\loader.py                                256     43    83%   63, 67, 69, 72-73, 121, 126, 133, 139, 142, 147, 149, 152, 154, 156-161, 169, 179, 196, 201, 238, 251-255, 258-262, 269, 281-282, 294, 297-298, 394-401, 406
core\config\schema_validator.py                      249     50    80%   57, 62, 64-74, 91, 101-106, 111, 114, 117-118, 139, 142, 166, 183-184, 190-192, 194-195, 212, 216, 233, 237, 243, 267, 269, 275-276, 282, 284, 298, 306, 338-339, 343-345
core\config_loader.py                                 78     22    72%   66-67, 71-78, 89-101
core\converters.py                                    31      4    87%   26-27, 70-71
core\execution\__init__.py                             5      0   100%
core\execution\enhanced_router.py                    153     14    91%   44-47, 178, 214, 246, 252, 256, 321-325
core\execution\exchange\__init__.py                    4      0   100%
core\execution\exchange\binance.py                   116     81    30%   59, 62, 65, 68, 73, 76, 81-84, 91-117, 122-127, 131-177, 189-199, 202-212
core\execution\exchange\common.py                    158     27    83%   130-135, 149, 154, 171, 176, 210-214, 217-220, 223-228, 236, 250, 295, 299
core\execution\exchange\config.py                    163     49    70%   37-43, 125, 135, 143-144, 178-199, 216, 220, 222, 228, 250-257, 266-267, 290, 296-299, 306-307, 318-320, 324-329, 352-354, 359, 364
core\execution\exchange\error_handling.py            195     40    79%   82, 183-197, 276, 290-296, 303, 347-348, 354-355, 366-371, 379-380, 413-428
core\execution\exchange\gate.py                       80     48    40%   54, 57, 60, 66-69, 86, 95-101, 104-141, 153-159, 162-167
core\execution\exchange\unified.py                   183     72    61%   70-116, 130, 146, 151, 173-178, 183-187, 192-195, 237-239, 251-253, 259, 272-287, 300, 304, 316-345, 363, 369-371, 377-378
core\execution\execution_router_v1.py                266     26    90%   158-163, 220, 228, 250-259, 294, 298, 314, 318, 345, 357, 429, 445-446, 455-456, 468, 523-526, 558-561
core\execution\idempotency.py                         35      3    91%   50-51, 67
core\execution\partials.py                            61      5    92%   48, 75-76, 94, 100
core\execution\router.py                             108     35    68%   61, 92-97, 101-105, 152, 203-274, 283, 290
core\execution\sim_adapter.py                         24      9    62%   25-32, 42
core\execution\sim_local_sink.py                     158     28    82%   100, 125, 165-185, 189, 255-277, 280-302, 308, 313, 365
core\execution\sla.py                                 59      6    90%   65, 107-111
core\governance\composite_sprt.py                    395    154    61%   66, 71, 82, 92-96, 101-108, 124-142, 147, 180-184, 216, 232, 251-253, 257-274, 306-307, 312, 318, 328, 354-355, 379-382, 470, 476, 480-482, 511-536, 551-563, 569-586, 591-613, 618, 620, 658, 661, 669, 675-688, 692, 714-719, 745-756, 765-766, 785-788, 792-795
core\ingestion\normalizer.py                         169     50    70%   75-79, 85, 89-105, 132, 139-145, 153-154, 185, 190-193, 201, 206, 215-218, 237, 242, 263, 269, 271, 274, 276, 278, 295, 299
core\ingestion\replay.py                             120     44    63%   98, 131, 135-136, 147-148, 154-155, 157-158, 164-173, 176-180, 183-184, 193-194, 199, 212-213, 233-250
core\ingestion\sync_clock.py                          96     15    84%   56, 93-97, 103, 143-147, 169-171, 188, 228
core\lifecycle_correlation.py                         99     12    88%   47, 53, 56-57, 71-72, 79-80, 87-88, 90-91
core\order_lifecycle.py                               18      2    89%   27, 34
core\order_logger.py                                 274     66    76%   29, 33-34, 55, 61-64, 73, 78-79, 126-127, 148-154, 163-165, 168-177, 190-192, 202-206, 231, 234-235, 240, 243-246, 301, 305-306, 335-338, 351-356, 366-383
core\position_fsm.py                                 117      4    97%   149, 257, 264, 270
core\regime\__init__.py                                4      0   100%
core\regime\glr.py                                    66     48    27%   56-65, 68-69, 73, 77-82, 85-105, 108-120
core\regime\manager.py                                82     11    87%   42, 75-78, 106, 112, 130, 134-136
core\regime\page_hinkley.py                           72     45    38%   71-82, 85-90, 94, 98, 102, 106, 110, 113-153
core\reward_manager.py                               114     17    85%   65, 98-100, 126, 137-138, 163, 167-190
core\risk\guards.py                                   93      5    95%   56-59, 257-258
core\scalper\calibrator.py                            63     20    68%   62-77, 84-90
core\scalper\sprt.py                                  65     37    43%   41-45, 50-51, 54-55, 59-60, 63-74, 77, 83-95, 100, 104
core\scalper\trap.py                                 101     65    36%   65-66, 69-72, 75-78, 81, 85, 92-98, 102-104, 115-118, 131-146, 175-190, 199-204, 213-217, 227-233
core\schemas.py                                       35      0   100%
core\sizing\kelly.py                                 223     60    73%   58-59, 65, 79, 119-120, 126, 136, 196-198, 205, 230, 239, 272-273, 277, 295, 332-333, 337, 385, 400-408, 427-467, 532-533, 566
core\sizing\portfolio.py                              12      0   100%
core\tca\__init__.py                                   2      0   100%
core\tca\hawkes.py                                   113     17    85%   42-49, 54, 56, 90, 92, 94, 98-100, 122, 180
core\tca\hazard_cox.py                               149      9    94%   106, 111, 113, 176, 200, 207, 214, 216, 227
core\tca\latency.py                                   39      8    79%   43-45, 76-80
core\tca\tca_analyzer.py                             163      6    96%   238, 246, 263, 276, 283, 295
core\types.py                                        248     85    66%   113-114, 133-136, 141, 145, 148, 151-153, 156-158, 161-169, 182-184, 193, 208-211, 224, 248, 268-276, 287-291, 298-303, 308, 315-318, 336-339, 358, 362, 370-384, 389-394, 398-400, 404-429, 433-437
core\universe\__init__.py                              3      0   100%
core\universe\hysteresis.py                           54      7    87%   41, 50-53, 75, 88
core\universe\ranking.py                             129     22    83%   65, 90-106, 148, 160, 202, 205
core\xai\__init__.py                                   4      0   100%
core\xai\alerts.py                                   131     31    76%   49, 54, 56, 62, 66-74, 94, 107, 115, 118, 131, 139, 154, 181-182, 190-200
core\xai\logger.py                                    64     47    27%   48-54, 59-62, 65-76, 83-107, 110-116
core\xai\schema.py                                    28      5    82%   73, 81, 88, 92, 96
exch\errors.py                                        20      0   100%
observability\codes.py                                76     32    58%   62-63, 67, 71-80, 88-113, 118
risk\manager.py                                       68     48    29%   22, 26-43, 46, 53, 57-62, 66-70, 75-103
skalp_bot\exch\ccxt_binance.py                       201    183     9%   19-142, 145-169, 172-176, 179-183, 186-190, 193-198, 202-217, 232-273, 280-281, 284-286, 291-295, 299-302, 307-310
skalp_bot\runner\__init__.py                           0      0   100%
skalp_bot\runner\run_live_aurora.py                  285    207    27%   41-42, 47, 60-63, 66-72, 77-80, 85-90, 95-100, 115-117, 135-145, 149-160, 173-177, 229-550, 555-560
tests\events\test_events_emission.py                  43      1    98%   10
tests\events\test_events_rotation.py                  11      0   100%
tests\events\test_late_ack_and_partial_cancel.py      36      1    97%   12
tests\fixtures\exchange_fakes.py                     102     40    61%   79, 83-98, 111-112, 126-131, 152-179, 184-190, 195-199, 208, 213, 221
tests\integration\test_e2e_integration.py            172      1    99%   432
tests\integration\test_full_b2b7_pipeline.py         130      3    98%   328, 340, 355
tests\integration\test_run_live_paper_loop.py         85     18    79%   100-101, 127-128, 149, 170, 207-228, 234-248, 252
tests\integration\test_runner_observability.py       175     78    55%   19-27, 30-32, 35, 38, 41, 44-47, 51, 56-57, 60-62, 66, 70-78, 104, 117-121, 126-130, 136-143, 160-164, 169-170, 175-188, 195, 211-215, 226-232, 246-250
tests\logs\test_concurrency.py                        20      0   100%
tests\logs\test_order_logger_schema.py                18      0   100%
tests\logs\test_rotation.py                           12      0   100%
tests\metrics\test_metrics_summary.py                 52      0   100%
tests\reasons\test_reason_normalization.py            15      0   100%
tests\smoke\test_pytest_smoke.py                       2      0   100%
tests\test_aurora_event_codes.py                      20      1    95%   11
tests\test_calibration.py                              0      0   100%
tests\test_composite_sprt.py                         106      2    98%   222, 245
tests\test_config.py                                   0      0   100%
tests\test_config_loader.py                           79      0   100%
tests\test_config_schema_validator.py                 61      0   100%
tests\test_error_normalizer.py                         9      0   100%
tests\test_exchange_adapters.py                       74      7    91%   29-30, 33-38
tests\test_execution.py                                0      0   100%
tests\test_execution_idempotency.py                   56      4    93%   32, 50-52
tests\test_execution_partials.py                      33      0   100%
tests\test_execution_router.py                        26      0   100%
tests\test_execution_sla.py                           18      0   100%
tests\test_features.py                                 0      0   100%
tests\test_governance.py                               0      0   100%
tests\test_governance_guards.py                       27      0   100%
tests\test_ingestion.py                                0      0   100%
tests\test_ingestion_replay.py                        75     27    64%   25-37, 63-68, 80, 92-100, 126, 140-141
tests\test_ingestion_sync_clock.py                    40      0   100%
tests\test_lifecycle_audit.py                         11      0   100%
tests\test_lifecycle_correlation.py                   37      0   100%
tests\test_metrics_summary_details.py                 27      0   100%
tests\test_ops_endpoints_auth.py                      89      7    92%   33, 70-71, 107-108, 123-124
tests\test_order_counters.py                          33      3    91%   12-14
tests\test_order_lifecycle.py                          8      0   100%
tests\test_pretrade_models.py                         25      0   100%
tests\test_profile_overlay.py                         28      6    79%   16-19, 29, 38
tests\test_regime.py                                   0      0   100%
tests\test_reward_manager.py                          57      5    91%   81-83, 95-97
tests\test_risk.py                                     0      0   100%
tests\test_risk_guards_live.py                       103      1    99%   182
tests\test_signal.py                                   0      0   100%
tests\test_sim_local_sink.py                          11      3    73%   15-17
tests\test_sizing.py                                   0      0   100%
tests\test_sizing_kelly.py                           265     25    91%   311, 314, 386, 406-407, 416-423, 439-452, 505-515, 535
tests\test_sizing_live_integration.py                109     10    91%   146-172, 235
tests\test_sizing_portfolio.py                        67     35    48%   27-39, 49-60, 67-78, 90, 101-102, 119, 129-140, 146-157, 161
tests\test_tca.py                                      0      0   100%
tests\test_unified_exchange_adapter.py               155     16    90%   59-60, 63-68, 286-298, 408
tests\test_universe.py                                 0      0   100%
tests\test_universe_hysteresis.py                     30      0   100%
tests\test_universe_ranking.py                        16      0   100%
tests\test_xai.py                                      0      0   100%
tests\unit\test_aurora_api_lite.py                    68     24    65%   15-39, 44, 47
tests\unit\test_converters.py                         40      0   100%
tests\unit\test_enhanced_router_v1.py                 84      2    98%   234-235
tests\unit\test_execution_router_v1.py               286      2    99%   385, 629
tests\unit\test_idempotency_fills.py                  62      4    94%   61, 80-81, 128
tests\unit\test_lifespan_init.py                     113      2    98%   118, 120
tests\unit\test_no_network_calls.py                   13      1    92%   10
tests\unit\test_ohlcv_fetcher.py                      37     12    68%   35-36, 46-51, 61-64
tests\unit\test_position_fsm_v1.py                   159      0   100%
tests\unit\test_regime_manager.py                     67      0   100%
tests\unit\test_reward_manager_v1.py                  82      0   100%
tests\unit\test_router_sim_local.py                    8      0   100%
tests\unit\test_sim_local_basic.py                    33      0   100%
tests\unit\test_sim_local_tca_and_determinism.py     120      3    98%   30-31, 54
tests\unit\test_tca_analyzer.py                      179      1    99%   277
tests\unit\test_tca_analyzer_v1.py                    99     19    81%   96-97, 110-111, 278-292, 329-335
tests\unit\test_tca_hawkes.py                         19      0   100%
tests\unit\test_tca_hazard_cox.py                     35      0   100%
tests\unit\test_trap.py                               42      0   100%
tests\unit\test_xai_alerts.py                         28      0   100%
tests\unit\test_xai_decision_trail.py                102     14    86%   100, 142-154, 190, 241
tests\unit\test_xai_schema.py                         18      0   100%
tools\__init__.py                                      0      0   100%
tools\build_version.py                                16     10    38%   9-16, 20-21
tools\gen_sim_local_first100.py                       13      1    92%   25
tools\lifecycle_audit.py                              70     32    54%   13-21, 30, 44, 54, 72-95, 99
tools\metrics_summary.py                             172     40    77%   20-21, 23-24, 34-35, 39-45, 73-74, 76-79, 83-89, 149-150, 188, 190, 192, 202, 220-221, 267-268, 272-276
--------------------------------------------------------------------------------
TOTAL                                              13203   3744    72%
